<?xml version="1.0" encoding="UTF-8"?>
<!-- Generated by org.testng.reporters.JUnitReportReporter -->
<testsuite hostname="DESKTOP-PN8R175" failures="0" tests="1" name="AutomDress.User_register" time="2.805" errors="0" timestamp="2022-03-08T16:27:53 EST" skipped="0">
  <testcase classname="AutomDress.User_register" name="url_open" time="2.805"/>
  <system-out/>
</testsuite> <!-- AutomDress.User_register -->
